2026-01-08 13:09:28.806 [main] INFO  sumdu.edu.ua.Application - Starting Application using Java 19.0.2 with PID 17040 (C:\Users\Tima\IdeaProjects\MPF_project\web\target\classes started by Tima in C:\Users\Tima\IdeaProjects\MPF_project\web)
2026-01-08 13:09:28.809 [main] DEBUG sumdu.edu.ua.Application - Running with Spring Boot v3.4.1, Spring v6.2.1
2026-01-08 13:09:28.810 [main] INFO  sumdu.edu.ua.Application - No active profile set, falling back to 1 default profile: "default"
2026-01-08 13:09:29.440 [main] INFO  o.s.b.w.e.tomcat.TomcatWebServer - Tomcat initialized with port 8080 (http)
2026-01-08 13:09:29.447 [main] INFO  o.a.coyote.http11.Http11NioProtocol - Initializing ProtocolHandler ["http-nio-8080"]
2026-01-08 13:09:29.448 [main] INFO  o.a.catalina.core.StandardService - Starting service [Tomcat]
2026-01-08 13:09:29.449 [main] INFO  o.a.catalina.core.StandardEngine - Starting Servlet engine: [Apache Tomcat/10.1.34]
2026-01-08 13:09:29.542 [main] INFO  o.apache.jasper.servlet.TldScanner - At least one JAR was scanned for TLDs yet contained no TLDs. Enable debug logging for this logger for a complete list of JARs that were scanned but no TLDs were found in them. Skipping unneeded JARs during scanning can improve startup time and JSP compilation time.
2026-01-08 13:09:29.546 [main] INFO  o.a.c.c.C.[Tomcat].[localhost].[/] - Initializing Spring embedded WebApplicationContext
2026-01-08 13:09:29.547 [main] INFO  o.s.b.w.s.c.ServletWebServerApplicationContext - Root WebApplicationContext: initialization completed in 710 ms
2026-01-08 13:09:29.621 [main] INFO  com.zaxxer.hikari.HikariDataSource - HikariPool-1 - Starting...
2026-01-08 13:09:29.774 [main] INFO  com.zaxxer.hikari.pool.HikariPool - HikariPool-1 - Added connection conn0: url=jdbc:h2:file:./data/guest user=SA
2026-01-08 13:09:29.775 [main] INFO  com.zaxxer.hikari.HikariDataSource - HikariPool-1 - Start completed.
2026-01-08 13:09:29.804 [main] INFO  sumdu.edu.ua.jdbc.DbInit - Database schema initialized successfully
2026-01-08 13:09:29.950 [main] INFO  o.s.b.a.h.H2ConsoleAutoConfiguration - H2 console available at '/h2-console'. Database available at 'jdbc:h2:file:./data/guest'
2026-01-08 13:09:29.973 [main] INFO  o.a.coyote.http11.Http11NioProtocol - Starting ProtocolHandler ["http-nio-8080"]
2026-01-08 13:09:29.989 [main] INFO  o.s.b.w.e.tomcat.TomcatWebServer - Tomcat started on port 8080 (http) with context path '/'
2026-01-08 13:09:29.994 [main] INFO  sumdu.edu.ua.Application - Started Application in 1.447 seconds (process running for 3.465)
2026-01-08 13:09:31.810 [http-nio-8080-exec-1] INFO  o.a.c.c.C.[Tomcat].[localhost].[/] - Initializing Spring DispatcherServlet 'dispatcherServlet'
2026-01-08 13:09:31.811 [http-nio-8080-exec-1] INFO  o.s.web.servlet.DispatcherServlet - Initializing Servlet 'dispatcherServlet'
2026-01-08 13:09:31.811 [http-nio-8080-exec-1] INFO  o.s.web.servlet.DispatcherServlet - Completed initialization in 0 ms
2026-01-08 13:09:31.836 [http-nio-8080-exec-1] INFO  sumdu.edu.ua.web.BooksController - BooksController.listBooks() called
2026-01-08 13:09:31.837 [http-nio-8080-exec-1] INFO  sumdu.edu.ua.web.BooksController - Searching books with repository: sumdu.edu.ua.jdbc.JdbcBookRepository$$SpringCGLIB$$0
2026-01-08 13:09:31.850 [http-nio-8080-exec-1] INFO  sumdu.edu.ua.web.BooksController - Found 8 books
2026-01-08 16:07:47.732 [HikariPool-1 housekeeper] WARN  com.zaxxer.hikari.pool.HikariPool - HikariPool-1 - Thread starvation or clock leap detected (housekeeper delta=1h41m46s861ms190µs).
2026-01-08 16:25:27.176 [SpringApplicationShutdownHook] INFO  o.s.b.w.e.tomcat.GracefulShutdown - Commencing graceful shutdown. Waiting for active requests to complete
2026-01-08 16:25:27.291 [tomcat-shutdown] INFO  o.s.b.w.e.tomcat.GracefulShutdown - Graceful shutdown complete
2026-01-08 16:25:27.294 [SpringApplicationShutdownHook] INFO  com.zaxxer.hikari.HikariDataSource - HikariPool-1 - Shutdown initiated...
2026-01-08 16:25:27.295 [SpringApplicationShutdownHook] INFO  com.zaxxer.hikari.HikariDataSource - HikariPool-1 - Shutdown completed.
2026-01-08 16:44:14.228 [main] INFO  sumdu.edu.ua.Application - Starting Application using Java 19.0.2 with PID 19252 (C:\Users\Tima\IdeaProjects\MPF_project\web\target\classes started by Tima in C:\Users\Tima\IdeaProjects\MPF_project\web)
2026-01-08 16:44:14.229 [main] DEBUG sumdu.edu.ua.Application - Running with Spring Boot v3.4.1, Spring v6.2.1
2026-01-08 16:44:14.229 [main] INFO  sumdu.edu.ua.Application - No active profile set, falling back to 1 default profile: "default"
2026-01-08 16:44:14.784 [main] INFO  o.s.b.w.e.tomcat.TomcatWebServer - Tomcat initialized with port 8080 (http)
2026-01-08 16:44:14.793 [main] INFO  o.a.coyote.http11.Http11NioProtocol - Initializing ProtocolHandler ["http-nio-8080"]
2026-01-08 16:44:14.794 [main] INFO  o.a.catalina.core.StandardService - Starting service [Tomcat]
2026-01-08 16:44:14.794 [main] INFO  o.a.catalina.core.StandardEngine - Starting Servlet engine: [Apache Tomcat/10.1.34]
2026-01-08 16:44:14.886 [main] INFO  o.apache.jasper.servlet.TldScanner - At least one JAR was scanned for TLDs yet contained no TLDs. Enable debug logging for this logger for a complete list of JARs that were scanned but no TLDs were found in them. Skipping unneeded JARs during scanning can improve startup time and JSP compilation time.
2026-01-08 16:44:14.890 [main] INFO  o.a.c.c.C.[Tomcat].[localhost].[/] - Initializing Spring embedded WebApplicationContext
2026-01-08 16:44:14.890 [main] INFO  o.s.b.w.s.c.ServletWebServerApplicationContext - Root WebApplicationContext: initialization completed in 638 ms
2026-01-08 16:44:14.954 [main] INFO  com.zaxxer.hikari.HikariDataSource - HikariPool-1 - Starting...
2026-01-08 16:44:15.067 [main] INFO  com.zaxxer.hikari.pool.HikariPool - HikariPool-1 - Added connection conn0: url=jdbc:h2:file:./data/guest user=SA
2026-01-08 16:44:15.068 [main] INFO  com.zaxxer.hikari.HikariDataSource - HikariPool-1 - Start completed.
2026-01-08 16:44:15.107 [main] INFO  sumdu.edu.ua.jdbc.DbInit - Database schema initialized successfully
2026-01-08 16:44:15.216 [main] INFO  o.s.b.a.h.H2ConsoleAutoConfiguration - H2 console available at '/h2-console'. Database available at 'jdbc:h2:file:./data/guest'
2026-01-08 16:44:15.249 [main] INFO  o.a.coyote.http11.Http11NioProtocol - Starting ProtocolHandler ["http-nio-8080"]
2026-01-08 16:44:15.265 [main] INFO  o.s.b.w.e.tomcat.TomcatWebServer - Tomcat started on port 8080 (http) with context path '/'
2026-01-08 16:44:15.269 [main] INFO  sumdu.edu.ua.Application - Started Application in 1.245 seconds (process running for 1.716)
2026-01-08 16:44:17.873 [http-nio-8080-exec-1] INFO  o.a.c.c.C.[Tomcat].[localhost].[/] - Initializing Spring DispatcherServlet 'dispatcherServlet'
2026-01-08 16:44:17.873 [http-nio-8080-exec-1] INFO  o.s.web.servlet.DispatcherServlet - Initializing Servlet 'dispatcherServlet'
2026-01-08 16:44:17.874 [http-nio-8080-exec-1] INFO  o.s.web.servlet.DispatcherServlet - Completed initialization in 1 ms
2026-01-08 16:44:17.889 [http-nio-8080-exec-1] INFO  sumdu.edu.ua.web.BooksController - REST GET /books called
2026-01-08 16:45:30.553 [http-nio-8080-exec-2] INFO  sumdu.edu.ua.web.BooksController - REST GET /books/1 called
2026-01-08 16:47:22.132 [http-nio-8080-exec-8] WARN  o.s.w.s.m.s.DefaultHandlerExceptionResolver - Resolved [org.springframework.web.HttpRequestMethodNotSupportedException: Request method 'POST' is not supported]
2026-01-08 16:49:45.910 [http-nio-8080-exec-1] WARN  o.s.w.s.m.s.DefaultHandlerExceptionResolver - Resolved [org.springframework.web.HttpRequestMethodNotSupportedException: Request method 'POST' is not supported]
2026-01-08 16:49:52.430 [http-nio-8080-exec-4] WARN  o.s.w.s.m.s.DefaultHandlerExceptionResolver - Resolved [org.springframework.web.HttpRequestMethodNotSupportedException: Request method 'POST' is not supported]
2026-01-08 16:50:38.608 [http-nio-8080-exec-3] WARN  o.s.w.s.m.s.DefaultHandlerExceptionResolver - Resolved [org.springframework.web.bind.MissingServletRequestParameterException: Required request parameter 'bookId' for method parameter type long is not present]
2026-01-08 16:50:44.816 [http-nio-8080-exec-6] WARN  o.s.w.s.m.s.DefaultHandlerExceptionResolver - Resolved [org.springframework.web.bind.MissingServletRequestParameterException: Required request parameter 'bookId' for method parameter type long is not present]
2026-01-08 16:51:31.922 [http-nio-8080-exec-5] INFO  sumdu.edu.ua.web.BooksController - REST GET /books/1 called
2026-01-08 16:52:40.372 [SpringApplicationShutdownHook] INFO  o.s.b.w.e.tomcat.GracefulShutdown - Commencing graceful shutdown. Waiting for active requests to complete
2026-01-08 16:52:40.500 [tomcat-shutdown] INFO  o.s.b.w.e.tomcat.GracefulShutdown - Graceful shutdown complete
2026-01-08 16:52:40.503 [SpringApplicationShutdownHook] INFO  com.zaxxer.hikari.HikariDataSource - HikariPool-1 - Shutdown initiated...
2026-01-08 16:52:40.504 [SpringApplicationShutdownHook] INFO  com.zaxxer.hikari.HikariDataSource - HikariPool-1 - Shutdown completed.
2026-01-08 16:52:43.010 [main] INFO  sumdu.edu.ua.Application - Starting Application using Java 19.0.2 with PID 10536 (C:\Users\Tima\IdeaProjects\MPF_project\web\target\classes started by Tima in C:\Users\Tima\IdeaProjects\MPF_project\web)
2026-01-08 16:52:43.012 [main] DEBUG sumdu.edu.ua.Application - Running with Spring Boot v3.4.1, Spring v6.2.1
2026-01-08 16:52:43.012 [main] INFO  sumdu.edu.ua.Application - No active profile set, falling back to 1 default profile: "default"
2026-01-08 16:52:43.525 [main] INFO  o.s.b.w.e.tomcat.TomcatWebServer - Tomcat initialized with port 8080 (http)
2026-01-08 16:52:43.531 [main] INFO  o.a.coyote.http11.Http11NioProtocol - Initializing ProtocolHandler ["http-nio-8080"]
2026-01-08 16:52:43.532 [main] INFO  o.a.catalina.core.StandardService - Starting service [Tomcat]
2026-01-08 16:52:43.532 [main] INFO  o.a.catalina.core.StandardEngine - Starting Servlet engine: [Apache Tomcat/10.1.34]
2026-01-08 16:52:43.612 [main] INFO  o.apache.jasper.servlet.TldScanner - At least one JAR was scanned for TLDs yet contained no TLDs. Enable debug logging for this logger for a complete list of JARs that were scanned but no TLDs were found in them. Skipping unneeded JARs during scanning can improve startup time and JSP compilation time.
2026-01-08 16:52:43.615 [main] INFO  o.a.c.c.C.[Tomcat].[localhost].[/] - Initializing Spring embedded WebApplicationContext
2026-01-08 16:52:43.615 [main] INFO  o.s.b.w.s.c.ServletWebServerApplicationContext - Root WebApplicationContext: initialization completed in 580 ms
2026-01-08 16:52:43.676 [main] INFO  com.zaxxer.hikari.HikariDataSource - HikariPool-1 - Starting...
2026-01-08 16:52:43.791 [main] INFO  com.zaxxer.hikari.pool.HikariPool - HikariPool-1 - Added connection conn0: url=jdbc:h2:file:./data/guest user=SA
2026-01-08 16:52:43.792 [main] INFO  com.zaxxer.hikari.HikariDataSource - HikariPool-1 - Start completed.
2026-01-08 16:52:43.815 [main] INFO  sumdu.edu.ua.jdbc.DbInit - Database schema initialized successfully
2026-01-08 16:52:43.918 [main] INFO  o.s.b.a.h.H2ConsoleAutoConfiguration - H2 console available at '/h2-console'. Database available at 'jdbc:h2:file:./data/guest'
2026-01-08 16:52:43.950 [main] INFO  o.a.coyote.http11.Http11NioProtocol - Starting ProtocolHandler ["http-nio-8080"]
2026-01-08 16:52:43.964 [main] INFO  o.s.b.w.e.tomcat.TomcatWebServer - Tomcat started on port 8080 (http) with context path '/'
2026-01-08 16:52:43.968 [main] INFO  sumdu.edu.ua.Application - Started Application in 1.159 seconds (process running for 1.558)
2026-01-08 16:52:46.746 [http-nio-8080-exec-1] INFO  o.a.c.c.C.[Tomcat].[localhost].[/] - Initializing Spring DispatcherServlet 'dispatcherServlet'
2026-01-08 16:52:46.746 [http-nio-8080-exec-1] INFO  o.s.web.servlet.DispatcherServlet - Initializing Servlet 'dispatcherServlet'
2026-01-08 16:52:46.747 [http-nio-8080-exec-1] INFO  o.s.web.servlet.DispatcherServlet - Completed initialization in 1 ms
2026-01-08 16:52:46.769 [http-nio-8080-exec-1] INFO  sumdu.edu.ua.web.BooksController - REST GET /books/1 called
2026-01-08 16:52:46.981 [http-nio-8080-exec-2] INFO  sumdu.edu.ua.web.BooksController - REST GET /books/1 called
2026-01-08 16:52:50.969 [http-nio-8080-exec-4] INFO  sumdu.edu.ua.web.CommentsController - REST POST /comments called with payload: {bookId=1, author=fan, text=cool}
2026-01-08 16:52:50.970 [http-nio-8080-exec-4] INFO  s.edu.ua.jdbc.JdbcCommentRepository - DB: new comment for book=1, author='fan', len=4
2026-01-08 16:52:50.970 [http-nio-8080-exec-4] INFO  sumdu.edu.ua.web.CommentsController - Comment added to book #1
2026-01-08 16:52:54.621 [http-nio-8080-exec-5] INFO  sumdu.edu.ua.web.BooksController - REST GET /books/1 called
